

================================================================
== Vivado HLS Report for 'matrixMultiply'
================================================================
* Date:           Tue Mar 15 18:35:55 2022

* Version:        2018.2 (Build 2258646 on Thu Jun 14 20:25:20 MDT 2018)
* Project:        Lab3
* Solution:       solution_task2
* Product family: aartix7
* Target device:  xa7a12tcsg325-1q


================================================================
== Performance Estimates
================================================================
+ Timing (ns): 
    * Summary: 
    +--------+-------+----------+------------+
    |  Clock | Target| Estimated| Uncertainty|
    +--------+-------+----------+------------+
    |ap_clk  |  10.00|     8.470|        1.25|
    +--------+-------+----------+------------+

+ Latency (clock cycles): 
    * Summary: 
    +-----+-----+-----+-----+---------+
    |  Latency  |  Interval | Pipeline|
    | min | max | min | max |   Type  |
    +-----+-----+-----+-----+---------+
    |   20|   20|   20|   20|   none  |
    +-----+-----+-----+-----+---------+

    + Detail: 
        * Instance: 
        N/A

        * Loop: 
        +----------------------------------+-----+-----+----------+-----------+-----------+------+----------+
        |                                  |  Latency  | Iteration|  Initiation Interval  | Trip |          |
        |             Loop Name            | min | max |  Latency |  achieved |   target  | Count| Pipelined|
        +----------------------------------+-----+-----+----------+-----------+-----------+------+----------+
        |- Row_Loop_Col_Loop_Product_Loop  |   18|   18|         5|          2|          1|     8|    yes   |
        +----------------------------------+-----+-----+----------+-----------+-----------+------+----------+



================================================================
== Utilization Estimates
================================================================
* Summary: 
+-----------------+---------+-------+-------+------+
|       Name      | BRAM_18K| DSP48E|   FF  |  LUT |
+-----------------+---------+-------+-------+------+
|DSP              |        -|      -|      -|     -|
|Expression       |        -|      3|      0|   236|
|FIFO             |        -|      -|      -|     -|
|Instance         |        -|      -|      -|     -|
|Memory           |        -|      -|      -|     -|
|Multiplexer      |        -|      -|      -|   150|
|Register         |        -|      -|    139|     -|
+-----------------+---------+-------+-------+------+
|Total            |        0|      3|    139|   386|
+-----------------+---------+-------+-------+------+
|Available        |       40|     40|  16000|  8000|
+-----------------+---------+-------+-------+------+
|Utilization (%)  |        0|      7|   ~0  |     4|
+-----------------+---------+-------+-------+------+

+ Detail: 
    * Instance: 
    N/A

    * DSP48: 
    N/A

    * Memory: 
    N/A

    * FIFO: 
    N/A

    * Expression: 
    +--------------------------------+----------+-------+---+----+------------+------------+
    |          Variable Name         | Operation| DSP48E| FF| LUT| Bitwidth P0| Bitwidth P1|
    +--------------------------------+----------+-------+---+----+------------+------------+
    |tmp_5_fu_319_p2                 |     *    |      3|  0|  21|          32|          32|
    |c_d0                            |     +    |      0|  0|  39|          32|          32|
    |i_1_fu_165_p2                   |     +    |      0|  0|  10|           2|           1|
    |indvar_flatten_next1_fu_159_p2  |     +    |      0|  0|  13|           4|           1|
    |indvar_flatten_op_fu_239_p2     |     +    |      0|  0|  13|           4|           1|
    |j_1_fu_211_p2                   |     +    |      0|  0|  10|           2|           1|
    |k_1_fu_314_p2                   |     +    |      0|  0|  10|           2|           1|
    |tmp_1_fu_303_p2                 |     +    |      0|  0|  13|           4|           4|
    |tmp_8_fu_267_p2                 |     +    |      0|  0|  13|           4|           4|
    |tmp_9_fu_281_p2                 |     +    |      0|  0|  13|           4|           4|
    |exitcond_mid_fu_205_p2          |    and   |      0|  0|   8|           1|           1|
    |exitcond9_fu_199_p2             |   icmp   |      0|  0|   9|           2|           3|
    |exitcond_flatten1_fu_153_p2     |   icmp   |      0|  0|  11|           4|           5|
    |exitcond_flatten7_fu_171_p2     |   icmp   |      0|  0|   9|           4|           3|
    |tmp_3_fu_217_p2                 |    or    |      0|  0|   8|           1|           1|
    |indvar_flatten_next_fu_245_p3   |  select  |      0|  0|   4|           1|           1|
    |j_mid_fu_177_p3                 |  select  |      0|  0|   2|           1|           1|
    |k_mid2_fu_223_p3                |  select  |      0|  0|   2|           1|           1|
    |tmp_2_mid2_fu_231_p3            |  select  |      0|  0|   2|           1|           2|
    |tmp_mid2_v_fu_185_p3            |  select  |      0|  0|   2|           1|           2|
    |ap_enable_pp0                   |    xor   |      0|  0|   8|           1|           2|
    |ap_enable_reg_pp0_iter1         |    xor   |      0|  0|   8|           2|           1|
    |not_exitcond_flatten_fu_193_p2  |    xor   |      0|  0|   8|           1|           2|
    +--------------------------------+----------+-------+---+----+------------+------------+
    |Total                           |          |      3|  0| 236|         111|         106|
    +--------------------------------+----------+-------+---+----+------------+------------+

    * Multiplexer: 
    +------------------------------------------+----+-----------+-----+-----------+
    |                   Name                   | LUT| Input Size| Bits| Total Bits|
    +------------------------------------------+----+-----------+-----+-----------+
    |ap_NS_fsm                                 |  27|          5|    1|          5|
    |ap_enable_reg_pp0_iter1                   |   9|          2|    1|          2|
    |ap_enable_reg_pp0_iter2                   |   9|          2|    1|          2|
    |ap_phi_mux_i_phi_fu_113_p4                |   9|          2|    2|          4|
    |ap_phi_mux_indvar_flatten1_phi_fu_102_p4  |   9|          2|    4|          8|
    |ap_phi_mux_indvar_flatten_phi_fu_124_p4   |   9|          2|    4|          8|
    |ap_phi_mux_j_phi_fu_135_p4                |   9|          2|    2|          4|
    |ap_phi_mux_k_phi_fu_146_p4                |   9|          2|    2|          4|
    |c_address0                                |  15|          3|    2|          6|
    |i_reg_109                                 |   9|          2|    2|          4|
    |indvar_flatten1_reg_98                    |   9|          2|    4|          8|
    |indvar_flatten_reg_120                    |   9|          2|    4|          8|
    |j_reg_131                                 |   9|          2|    2|          4|
    |k_reg_142                                 |   9|          2|    2|          4|
    +------------------------------------------+----+-----------+-----+-----------+
    |Total                                     | 150|         32|   33|         71|
    +------------------------------------------+----+-----------+-----+-----------+

    * Register: 
    +-----------------------------------------+----+----+-----+-----------+
    |                   Name                  | FF | LUT| Bits| Const Bits|
    +-----------------------------------------+----+----+-----+-----------+
    |a_load_reg_382                           |  32|   0|   32|          0|
    |ap_CS_fsm                                |   4|   0|    4|          0|
    |ap_enable_reg_pp0_iter0                  |   1|   0|    1|          0|
    |ap_enable_reg_pp0_iter1                  |   1|   0|    1|          0|
    |ap_enable_reg_pp0_iter2                  |   1|   0|    1|          0|
    |b_load_reg_387                           |  32|   0|   32|          0|
    |c_addr_reg_362                           |   2|   0|    2|          0|
    |c_addr_reg_362_pp0_iter1_reg             |   2|   0|    2|          0|
    |exitcond_flatten1_reg_329                |   1|   0|    1|          0|
    |exitcond_flatten1_reg_329_pp0_iter1_reg  |   1|   0|    1|          0|
    |i_reg_109                                |   2|   0|    2|          0|
    |indvar_flatten1_reg_98                   |   4|   0|    4|          0|
    |indvar_flatten_next1_reg_333             |   4|   0|    4|          0|
    |indvar_flatten_next_reg_357              |   4|   0|    4|          0|
    |indvar_flatten_reg_120                   |   4|   0|    4|          0|
    |j_reg_131                                |   2|   0|    2|          0|
    |k_1_reg_377                              |   2|   0|    2|          0|
    |k_mid2_reg_344                           |   2|   0|    2|          0|
    |k_reg_142                                |   2|   0|    2|          0|
    |tmp_2_mid2_reg_351                       |   2|   0|    2|          0|
    |tmp_5_reg_392                            |  32|   0|   32|          0|
    |tmp_mid2_v_reg_338                       |   2|   0|    2|          0|
    +-----------------------------------------+----+----+-----+-----------+
    |Total                                    | 139|   0|  139|          0|
    +-----------------------------------------+----+----+-----+-----------+



================================================================
== Interface
================================================================
* Summary: 
+------------+-----+-----+------------+----------------+--------------+
|  RTL Ports | Dir | Bits|  Protocol  |  Source Object |    C Type    |
+------------+-----+-----+------------+----------------+--------------+
|ap_clk      |  in |    1| ap_ctrl_hs | matrixMultiply | return value |
|ap_rst      |  in |    1| ap_ctrl_hs | matrixMultiply | return value |
|ap_start    |  in |    1| ap_ctrl_hs | matrixMultiply | return value |
|ap_done     | out |    1| ap_ctrl_hs | matrixMultiply | return value |
|ap_idle     | out |    1| ap_ctrl_hs | matrixMultiply | return value |
|ap_ready    | out |    1| ap_ctrl_hs | matrixMultiply | return value |
|a_address0  | out |    2|  ap_memory |        a       |     array    |
|a_ce0       | out |    1|  ap_memory |        a       |     array    |
|a_q0        |  in |   32|  ap_memory |        a       |     array    |
|b_address0  | out |    2|  ap_memory |        b       |     array    |
|b_ce0       | out |    1|  ap_memory |        b       |     array    |
|b_q0        |  in |   32|  ap_memory |        b       |     array    |
|c_address0  | out |    2|  ap_memory |        c       |     array    |
|c_ce0       | out |    1|  ap_memory |        c       |     array    |
|c_we0       | out |    1|  ap_memory |        c       |     array    |
|c_d0        | out |   32|  ap_memory |        c       |     array    |
|c_q0        |  in |   32|  ap_memory |        c       |     array    |
+------------+-----+-----+------------+----------------+--------------+

